2023-02-28 22:34:11.102  INFO 13556 --- [restartedMain] com.example.eshop.EshopApplication       : Starting EshopApplication using Java 1.8.0-282 on MSI with PID 13556 (D:\devspaces\intellij\demoProjects\eshopspace02\eshop\out\production\classes started by sslee in D:\devspaces\intellij\demoProjects\eshopspace02\eshop)
2023-02-28 22:34:11.103  INFO 13556 --- [restartedMain] com.example.eshop.EshopApplication       : The following 1 profile is active: "local-mysql"
2023-02-28 22:34:11.144  INFO 13556 --- [restartedMain] .e.DevToolsPropertyDefaultsPostProcessor : Devtools property defaults active! Set 'spring.devtools.add-properties' to 'false' to disable
2023-02-28 22:34:11.145  INFO 13556 --- [restartedMain] .e.DevToolsPropertyDefaultsPostProcessor : For additional web related logging consider setting the 'logging.level.web' property to 'DEBUG'
2023-02-28 22:34:11.846  INFO 13556 --- [restartedMain] .s.d.r.c.RepositoryConfigurationDelegate : Bootstrapping Spring Data JPA repositories in DEFAULT mode.
2023-02-28 22:34:11.863  INFO 13556 --- [restartedMain] .s.d.r.c.RepositoryConfigurationDelegate : Finished Spring Data repository scanning in 6 ms. Found 0 JPA repository interfaces.
2023-02-28 22:34:12.864  INFO 13556 --- [restartedMain] o.s.b.w.embedded.tomcat.TomcatWebServer  : Tomcat initialized with port(s): 80 (http)
2023-02-28 22:34:12.877  INFO 13556 --- [restartedMain] o.apache.catalina.core.StandardService   : Starting service [Tomcat]
2023-02-28 22:34:12.878  INFO 13556 --- [restartedMain] org.apache.catalina.core.StandardEngine  : Starting Servlet engine: [Apache Tomcat/9.0.71]
2023-02-28 22:34:12.977  INFO 13556 --- [restartedMain] o.a.c.c.C.[Tomcat].[localhost].[/]       : Initializing Spring embedded WebApplicationContext
2023-02-28 22:34:12.977  INFO 13556 --- [restartedMain] w.s.c.ServletWebServerApplicationContext : Root WebApplicationContext: initialization completed in 1831 ms
2023-02-28 22:34:13.017  INFO 13556 --- [restartedMain] com.zaxxer.hikari.HikariDataSource       : HikariPool-1 - Starting...
2023-02-28 22:34:13.466  INFO 13556 --- [restartedMain] com.zaxxer.hikari.HikariDataSource       : HikariPool-1 - Start completed.
2023-02-28 22:34:13.475  INFO 13556 --- [restartedMain] o.s.b.a.h2.H2ConsoleAutoConfiguration    : H2 console available at '/h2-console'. Database available at 'jdbc:mysql://localhost:3306/eshop02?useUnicode=true&characterEncoding=utf8'
2023-02-28 22:34:13.660  INFO 13556 --- [restartedMain] o.hibernate.jpa.internal.util.LogHelper  : HHH000204: Processing PersistenceUnitInfo [name: default]
2023-02-28 22:34:13.720  INFO 13556 --- [restartedMain] org.hibernate.Version                    : HHH000412: Hibernate ORM core version 5.6.15.Final
2023-02-28 22:34:13.881  INFO 13556 --- [restartedMain] o.hibernate.annotations.common.Version   : HCANN000001: Hibernate Commons Annotations {5.1.2.Final}
2023-02-28 22:34:13.981  INFO 13556 --- [restartedMain] org.hibernate.dialect.Dialect            : HHH000400: Using dialect: org.hibernate.dialect.MySQL8Dialect
2023-02-28 22:34:14.192  INFO 13556 --- [restartedMain] o.h.e.t.j.p.i.JtaPlatformInitiator       : HHH000490: Using JtaPlatform implementation: [org.hibernate.engine.transaction.jta.platform.internal.NoJtaPlatform]
2023-02-28 22:34:14.202  INFO 13556 --- [restartedMain] j.LocalContainerEntityManagerFactoryBean : Initialized JPA EntityManagerFactory for persistence unit 'default'
2023-02-28 22:34:14.248  WARN 13556 --- [restartedMain] JpaBaseConfiguration$JpaWebConfiguration : spring.jpa.open-in-view is enabled by default. Therefore, database queries may be performed during view rendering. Explicitly configure spring.jpa.open-in-view to disable this warning
2023-02-28 22:34:14.599  WARN 13556 --- [restartedMain] .s.s.UserDetailsServiceAutoConfiguration : 

Using generated security password: a68e4c52-73d8-472f-a3cb-7b5fb8ca1faf

This generated password is for development use only. Your security configuration must be updated before running your application in production.

2023-02-28 22:34:14.725  INFO 13556 --- [restartedMain] o.s.s.web.DefaultSecurityFilterChain     : Will secure any request with [org.springframework.security.web.session.DisableEncodeUrlFilter@1ddb7a4e, org.springframework.security.web.context.request.async.WebAsyncManagerIntegrationFilter@2d856890, org.springframework.security.web.context.SecurityContextPersistenceFilter@228cbd73, org.springframework.security.web.header.HeaderWriterFilter@65e0aaa7, org.springframework.security.web.csrf.CsrfFilter@65d85a91, org.springframework.security.web.authentication.logout.LogoutFilter@6b604ad4, org.springframework.security.web.authentication.UsernamePasswordAuthenticationFilter@49ec90a1, org.springframework.security.web.authentication.ui.DefaultLoginPageGeneratingFilter@5129aef8, org.springframework.security.web.authentication.ui.DefaultLogoutPageGeneratingFilter@22526ccd, org.springframework.security.web.authentication.www.BasicAuthenticationFilter@1963f0a, org.springframework.security.web.savedrequest.RequestCacheAwareFilter@403def95, org.springframework.security.web.servletapi.SecurityContextHolderAwareRequestFilter@95a8f7c, org.springframework.security.web.authentication.AnonymousAuthenticationFilter@4662dfdc, org.springframework.security.web.session.SessionManagementFilter@568c11ee, org.springframework.security.web.access.ExceptionTranslationFilter@40a82cb1, org.springframework.security.web.access.intercept.FilterSecurityInterceptor@32c74679]
2023-02-28 22:34:14.768  INFO 13556 --- [restartedMain] o.s.b.d.a.OptionalLiveReloadServer       : LiveReload server is running on port 35729
2023-02-28 22:34:14.800  INFO 13556 --- [restartedMain] o.s.b.w.embedded.tomcat.TomcatWebServer  : Tomcat started on port(s): 80 (http) with context path ''
2023-02-28 22:34:14.811  INFO 13556 --- [restartedMain] com.example.eshop.EshopApplication       : Started EshopApplication in 4.12 seconds (JVM running for 4.986)
2023-02-28 22:35:52.800  INFO 13556 --- [SpringApplicationShutdownHook] j.LocalContainerEntityManagerFactoryBean : Closing JPA EntityManagerFactory for persistence unit 'default'
2023-02-28 22:35:52.802  INFO 13556 --- [SpringApplicationShutdownHook] com.zaxxer.hikari.HikariDataSource       : HikariPool-1 - Shutdown initiated...
2023-02-28 22:35:52.808  INFO 13556 --- [SpringApplicationShutdownHook] com.zaxxer.hikari.HikariDataSource       : HikariPool-1 - Shutdown completed.
2023-02-28 22:36:13.593  INFO 14012 --- [restartedMain] com.example.eshop.EshopApplication       : Starting EshopApplication using Java 1.8.0-282 on MSI with PID 14012 (D:\devspaces\intellij\demoProjects\eshopspace02\eshop\out\production\classes started by sslee in D:\devspaces\intellij\demoProjects\eshopspace02\eshop)
2023-02-28 22:36:13.594  INFO 14012 --- [restartedMain] com.example.eshop.EshopApplication       : The following 1 profile is active: "local-mysql"
2023-02-28 22:36:13.644  INFO 14012 --- [restartedMain] .e.DevToolsPropertyDefaultsPostProcessor : Devtools property defaults active! Set 'spring.devtools.add-properties' to 'false' to disable
2023-02-28 22:36:13.645  INFO 14012 --- [restartedMain] .e.DevToolsPropertyDefaultsPostProcessor : For additional web related logging consider setting the 'logging.level.web' property to 'DEBUG'
2023-02-28 22:36:14.203  INFO 14012 --- [restartedMain] .s.d.r.c.RepositoryConfigurationDelegate : Bootstrapping Spring Data JPA repositories in DEFAULT mode.
2023-02-28 22:36:14.217  INFO 14012 --- [restartedMain] .s.d.r.c.RepositoryConfigurationDelegate : Finished Spring Data repository scanning in 5 ms. Found 0 JPA repository interfaces.
2023-02-28 22:36:15.098  INFO 14012 --- [restartedMain] o.s.b.w.embedded.tomcat.TomcatWebServer  : Tomcat initialized with port(s): 80 (http)
2023-02-28 22:36:15.111  INFO 14012 --- [restartedMain] o.apache.catalina.core.StandardService   : Starting service [Tomcat]
2023-02-28 22:36:15.111  INFO 14012 --- [restartedMain] org.apache.catalina.core.StandardEngine  : Starting Servlet engine: [Apache Tomcat/9.0.71]
2023-02-28 22:36:15.201  INFO 14012 --- [restartedMain] o.a.c.c.C.[Tomcat].[localhost].[/]       : Initializing Spring embedded WebApplicationContext
2023-02-28 22:36:15.201  INFO 14012 --- [restartedMain] w.s.c.ServletWebServerApplicationContext : Root WebApplicationContext: initialization completed in 1556 ms
2023-02-28 22:36:15.239  INFO 14012 --- [restartedMain] com.zaxxer.hikari.HikariDataSource       : HikariPool-1 - Starting...
2023-02-28 22:36:15.641  INFO 14012 --- [restartedMain] com.zaxxer.hikari.HikariDataSource       : HikariPool-1 - Start completed.
2023-02-28 22:36:15.650  INFO 14012 --- [restartedMain] o.s.b.a.h2.H2ConsoleAutoConfiguration    : H2 console available at '/h2-console'. Database available at 'jdbc:mysql://localhost:3306/eshop02?useUnicode=true&characterEncoding=utf8'
2023-02-28 22:36:15.854  INFO 14012 --- [restartedMain] o.hibernate.jpa.internal.util.LogHelper  : HHH000204: Processing PersistenceUnitInfo [name: default]
2023-02-28 22:36:15.927  INFO 14012 --- [restartedMain] org.hibernate.Version                    : HHH000412: Hibernate ORM core version 5.6.15.Final
2023-02-28 22:36:16.091  INFO 14012 --- [restartedMain] o.hibernate.annotations.common.Version   : HCANN000001: Hibernate Commons Annotations {5.1.2.Final}
2023-02-28 22:36:16.199  INFO 14012 --- [restartedMain] org.hibernate.dialect.Dialect            : HHH000400: Using dialect: org.hibernate.dialect.MySQL8Dialect
2023-02-28 22:36:16.410  INFO 14012 --- [restartedMain] o.h.e.t.j.p.i.JtaPlatformInitiator       : HHH000490: Using JtaPlatform implementation: [org.hibernate.engine.transaction.jta.platform.internal.NoJtaPlatform]
2023-02-28 22:36:16.420  INFO 14012 --- [restartedMain] j.LocalContainerEntityManagerFactoryBean : Initialized JPA EntityManagerFactory for persistence unit 'default'
2023-02-28 22:36:16.461  WARN 14012 --- [restartedMain] JpaBaseConfiguration$JpaWebConfiguration : spring.jpa.open-in-view is enabled by default. Therefore, database queries may be performed during view rendering. Explicitly configure spring.jpa.open-in-view to disable this warning
2023-02-28 22:36:16.789  WARN 14012 --- [restartedMain] .s.s.UserDetailsServiceAutoConfiguration : 

Using generated security password: 765eb9d7-ffa3-422d-9c48-4c9ecdbecdf2

This generated password is for development use only. Your security configuration must be updated before running your application in production.

2023-02-28 22:36:16.922  INFO 14012 --- [restartedMain] o.s.s.web.DefaultSecurityFilterChain     : Will secure any request with [org.springframework.security.web.session.DisableEncodeUrlFilter@623e8667, org.springframework.security.web.context.request.async.WebAsyncManagerIntegrationFilter@3e27e10e, org.springframework.security.web.context.SecurityContextPersistenceFilter@30e89744, org.springframework.security.web.header.HeaderWriterFilter@4e2bba07, org.springframework.security.web.csrf.CsrfFilter@2e1ab998, org.springframework.security.web.authentication.logout.LogoutFilter@413849fc, org.springframework.security.web.authentication.UsernamePasswordAuthenticationFilter@2cf4be4a, org.springframework.security.web.authentication.ui.DefaultLoginPageGeneratingFilter@2be8cb17, org.springframework.security.web.authentication.ui.DefaultLogoutPageGeneratingFilter@b672416, org.springframework.security.web.authentication.www.BasicAuthenticationFilter@71b5be10, org.springframework.security.web.savedrequest.RequestCacheAwareFilter@3620ba3b, org.springframework.security.web.servletapi.SecurityContextHolderAwareRequestFilter@66f76c15, org.springframework.security.web.authentication.AnonymousAuthenticationFilter@214ea10f, org.springframework.security.web.session.SessionManagementFilter@264983e8, org.springframework.security.web.access.ExceptionTranslationFilter@104c4819, org.springframework.security.web.access.intercept.FilterSecurityInterceptor@32bb0c90]
2023-02-28 22:36:16.964  INFO 14012 --- [restartedMain] o.s.b.d.a.OptionalLiveReloadServer       : LiveReload server is running on port 35729
2023-02-28 22:36:17.003  INFO 14012 --- [restartedMain] o.s.b.w.embedded.tomcat.TomcatWebServer  : Tomcat started on port(s): 80 (http) with context path ''
2023-02-28 22:36:17.018  INFO 14012 --- [restartedMain] com.example.eshop.EshopApplication       : Started EshopApplication in 3.867 seconds (JVM running for 4.386)
2023-02-28 22:36:36.720  INFO 14012 --- [File Watcher] rtingClassPathChangeChangedEventListener : Restarting due to 1 class path change (0 additions, 1 deletion, 0 modifications)
2023-02-28 22:36:36.729  INFO 14012 --- [SpringApplicationShutdownHook] j.LocalContainerEntityManagerFactoryBean : Closing JPA EntityManagerFactory for persistence unit 'default'
2023-02-28 22:36:36.733  INFO 14012 --- [SpringApplicationShutdownHook] com.zaxxer.hikari.HikariDataSource       : HikariPool-1 - Shutdown initiated...
2023-02-28 22:36:36.740  INFO 14012 --- [SpringApplicationShutdownHook] com.zaxxer.hikari.HikariDataSource       : HikariPool-1 - Shutdown completed.
2023-02-28 22:36:43.831  INFO 13744 --- [restartedMain] com.example.eshop.EshopApplication       : Starting EshopApplication using Java 1.8.0-282 on MSI with PID 13744 (D:\devspaces\intellij\demoProjects\eshopspace02\eshop\out\production\classes started by sslee in D:\devspaces\intellij\demoProjects\eshopspace02\eshop)
2023-02-28 22:36:43.832  INFO 13744 --- [restartedMain] com.example.eshop.EshopApplication       : The following 1 profile is active: "local-mysql"
2023-02-28 22:36:43.880  INFO 13744 --- [restartedMain] .e.DevToolsPropertyDefaultsPostProcessor : Devtools property defaults active! Set 'spring.devtools.add-properties' to 'false' to disable
2023-02-28 22:36:43.880  INFO 13744 --- [restartedMain] .e.DevToolsPropertyDefaultsPostProcessor : For additional web related logging consider setting the 'logging.level.web' property to 'DEBUG'
2023-02-28 22:36:44.407  INFO 13744 --- [restartedMain] .s.d.r.c.RepositoryConfigurationDelegate : Bootstrapping Spring Data JPA repositories in DEFAULT mode.
2023-02-28 22:36:44.420  INFO 13744 --- [restartedMain] .s.d.r.c.RepositoryConfigurationDelegate : Finished Spring Data repository scanning in 5 ms. Found 0 JPA repository interfaces.
2023-02-28 22:36:45.274  INFO 13744 --- [restartedMain] o.s.b.w.embedded.tomcat.TomcatWebServer  : Tomcat initialized with port(s): 80 (http)
2023-02-28 22:36:45.285  INFO 13744 --- [restartedMain] o.apache.catalina.core.StandardService   : Starting service [Tomcat]
2023-02-28 22:36:45.285  INFO 13744 --- [restartedMain] org.apache.catalina.core.StandardEngine  : Starting Servlet engine: [Apache Tomcat/9.0.71]
2023-02-28 22:36:45.361  INFO 13744 --- [restartedMain] o.a.c.c.C.[Tomcat].[localhost].[/]       : Initializing Spring embedded WebApplicationContext
2023-02-28 22:36:45.361  INFO 13744 --- [restartedMain] w.s.c.ServletWebServerApplicationContext : Root WebApplicationContext: initialization completed in 1480 ms
2023-02-28 22:36:45.392  INFO 13744 --- [restartedMain] com.zaxxer.hikari.HikariDataSource       : HikariPool-1 - Starting...
2023-02-28 22:36:45.730  INFO 13744 --- [restartedMain] com.zaxxer.hikari.HikariDataSource       : HikariPool-1 - Start completed.
2023-02-28 22:36:45.738  INFO 13744 --- [restartedMain] o.s.b.a.h2.H2ConsoleAutoConfiguration    : H2 console available at '/h2-console'. Database available at 'jdbc:mysql://localhost:3306/eshop02?useUnicode=true&characterEncoding=utf8'
2023-02-28 22:36:45.880  INFO 13744 --- [restartedMain] o.hibernate.jpa.internal.util.LogHelper  : HHH000204: Processing PersistenceUnitInfo [name: default]
2023-02-28 22:36:45.931  INFO 13744 --- [restartedMain] org.hibernate.Version                    : HHH000412: Hibernate ORM core version 5.6.15.Final
2023-02-28 22:36:46.097  INFO 13744 --- [restartedMain] o.hibernate.annotations.common.Version   : HCANN000001: Hibernate Commons Annotations {5.1.2.Final}
2023-02-28 22:36:46.200  INFO 13744 --- [restartedMain] org.hibernate.dialect.Dialect            : HHH000400: Using dialect: org.hibernate.dialect.MySQL8Dialect
2023-02-28 22:36:46.409  INFO 13744 --- [restartedMain] o.h.e.t.j.p.i.JtaPlatformInitiator       : HHH000490: Using JtaPlatform implementation: [org.hibernate.engine.transaction.jta.platform.internal.NoJtaPlatform]
2023-02-28 22:36:46.418  INFO 13744 --- [restartedMain] j.LocalContainerEntityManagerFactoryBean : Initialized JPA EntityManagerFactory for persistence unit 'default'
2023-02-28 22:36:46.462  WARN 13744 --- [restartedMain] JpaBaseConfiguration$JpaWebConfiguration : spring.jpa.open-in-view is enabled by default. Therefore, database queries may be performed during view rendering. Explicitly configure spring.jpa.open-in-view to disable this warning
2023-02-28 22:36:46.777  INFO 13744 --- [restartedMain] o.s.b.d.a.OptionalLiveReloadServer       : LiveReload server is running on port 35729
2023-02-28 22:36:46.805  INFO 13744 --- [restartedMain] o.s.b.w.embedded.tomcat.TomcatWebServer  : Tomcat started on port(s): 80 (http) with context path ''
2023-02-28 22:36:46.814  INFO 13744 --- [restartedMain] com.example.eshop.EshopApplication       : Started EshopApplication in 3.441 seconds (JVM running for 3.961)
2023-02-28 22:37:08.506  INFO 13744 --- [SpringApplicationShutdownHook] j.LocalContainerEntityManagerFactoryBean : Closing JPA EntityManagerFactory for persistence unit 'default'
2023-02-28 22:37:08.509  INFO 13744 --- [SpringApplicationShutdownHook] com.zaxxer.hikari.HikariDataSource       : HikariPool-1 - Shutdown initiated...
2023-02-28 22:37:08.514  INFO 13744 --- [SpringApplicationShutdownHook] com.zaxxer.hikari.HikariDataSource       : HikariPool-1 - Shutdown completed.
2023-02-28 22:37:13.897  INFO 6044 --- [restartedMain] com.example.eshop.EshopApplication       : Starting EshopApplication using Java 1.8.0-282 on MSI with PID 6044 (D:\devspaces\intellij\demoProjects\eshopspace02\eshop\out\production\classes started by sslee in D:\devspaces\intellij\demoProjects\eshopspace02\eshop)
2023-02-28 22:37:13.898  INFO 6044 --- [restartedMain] com.example.eshop.EshopApplication       : The following 1 profile is active: "local-mysql"
2023-02-28 22:37:13.946  INFO 6044 --- [restartedMain] .e.DevToolsPropertyDefaultsPostProcessor : Devtools property defaults active! Set 'spring.devtools.add-properties' to 'false' to disable
2023-02-28 22:37:13.946  INFO 6044 --- [restartedMain] .e.DevToolsPropertyDefaultsPostProcessor : For additional web related logging consider setting the 'logging.level.web' property to 'DEBUG'
2023-02-28 22:37:14.559  INFO 6044 --- [restartedMain] .s.d.r.c.RepositoryConfigurationDelegate : Bootstrapping Spring Data JPA repositories in DEFAULT mode.
2023-02-28 22:37:14.576  INFO 6044 --- [restartedMain] .s.d.r.c.RepositoryConfigurationDelegate : Finished Spring Data repository scanning in 6 ms. Found 0 JPA repository interfaces.
2023-02-28 22:37:15.587  INFO 6044 --- [restartedMain] o.s.b.w.embedded.tomcat.TomcatWebServer  : Tomcat initialized with port(s): 80 (http)
2023-02-28 22:37:15.598  INFO 6044 --- [restartedMain] o.apache.catalina.core.StandardService   : Starting service [Tomcat]
2023-02-28 22:37:15.598  INFO 6044 --- [restartedMain] org.apache.catalina.core.StandardEngine  : Starting Servlet engine: [Apache Tomcat/9.0.71]
2023-02-28 22:37:15.673  INFO 6044 --- [restartedMain] o.a.c.c.C.[Tomcat].[localhost].[/]       : Initializing Spring embedded WebApplicationContext
2023-02-28 22:37:15.673  INFO 6044 --- [restartedMain] w.s.c.ServletWebServerApplicationContext : Root WebApplicationContext: initialization completed in 1727 ms
2023-02-28 22:37:15.705  INFO 6044 --- [restartedMain] com.zaxxer.hikari.HikariDataSource       : HikariPool-1 - Starting...
2023-02-28 22:37:16.047  INFO 6044 --- [restartedMain] com.zaxxer.hikari.HikariDataSource       : HikariPool-1 - Start completed.
2023-02-28 22:37:16.056  INFO 6044 --- [restartedMain] o.s.b.a.h2.H2ConsoleAutoConfiguration    : H2 console available at '/h2-console'. Database available at 'jdbc:mysql://localhost:3306/eshop02?useUnicode=true&characterEncoding=utf8'
2023-02-28 22:37:16.255  INFO 6044 --- [restartedMain] o.hibernate.jpa.internal.util.LogHelper  : HHH000204: Processing PersistenceUnitInfo [name: default]
2023-02-28 22:37:16.332  INFO 6044 --- [restartedMain] org.hibernate.Version                    : HHH000412: Hibernate ORM core version 5.6.15.Final
2023-02-28 22:37:16.518  INFO 6044 --- [restartedMain] o.hibernate.annotations.common.Version   : HCANN000001: Hibernate Commons Annotations {5.1.2.Final}
2023-02-28 22:37:16.648  INFO 6044 --- [restartedMain] org.hibernate.dialect.Dialect            : HHH000400: Using dialect: org.hibernate.dialect.MySQL8Dialect
2023-02-28 22:37:16.926  INFO 6044 --- [restartedMain] o.h.e.t.j.p.i.JtaPlatformInitiator       : HHH000490: Using JtaPlatform implementation: [org.hibernate.engine.transaction.jta.platform.internal.NoJtaPlatform]
2023-02-28 22:37:16.937  INFO 6044 --- [restartedMain] j.LocalContainerEntityManagerFactoryBean : Initialized JPA EntityManagerFactory for persistence unit 'default'
2023-02-28 22:37:16.993  WARN 6044 --- [restartedMain] JpaBaseConfiguration$JpaWebConfiguration : spring.jpa.open-in-view is enabled by default. Therefore, database queries may be performed during view rendering. Explicitly configure spring.jpa.open-in-view to disable this warning
2023-02-28 22:37:17.414  INFO 6044 --- [restartedMain] o.s.b.d.a.OptionalLiveReloadServer       : LiveReload server is running on port 35729
2023-02-28 22:37:17.455  INFO 6044 --- [restartedMain] o.s.b.w.embedded.tomcat.TomcatWebServer  : Tomcat started on port(s): 80 (http) with context path ''
2023-02-28 22:37:17.467  INFO 6044 --- [restartedMain] com.example.eshop.EshopApplication       : Started EshopApplication in 4.028 seconds (JVM running for 4.557)
2023-02-28 22:45:11.258  INFO 6044 --- [SpringApplicationShutdownHook] j.LocalContainerEntityManagerFactoryBean : Closing JPA EntityManagerFactory for persistence unit 'default'
2023-02-28 22:45:11.261  INFO 6044 --- [SpringApplicationShutdownHook] com.zaxxer.hikari.HikariDataSource       : HikariPool-1 - Shutdown initiated...
2023-02-28 22:45:11.267  INFO 6044 --- [SpringApplicationShutdownHook] com.zaxxer.hikari.HikariDataSource       : HikariPool-1 - Shutdown completed.
